/*C1*/SET SCHEMA SYSTEM_LOBS
INSERT INTO BLOCKS VALUES(0,2147483647,0)
COMMIT
/*C2*/SET SCHEMA PUBLIC
DISCONNECT
/*C3*/SET SCHEMA PUBLIC
DISCONNECT
/*C5*/SET SCHEMA PUBLIC
DISCONNECT
/*C4*/SET SCHEMA PUBLIC
CREATE TABLE Produto (id INTEGER GENERATED BY DEFAULT AS IDENTITY PRIMARY KEY, nome VARCHAR(255), descricao VARCHAR(255))
/*C6*/SET SCHEMA PUBLIC
INSERT INTO PRODUTO VALUES(0,'TV LCD','32 Polegadas')
INSERT INTO PRODUTO VALUES(1,'Blueray','Blueray HDMI')
COMMIT
DISCONNECT
/*C7*/SET SCHEMA PUBLIC
INSERT INTO PRODUTO VALUES(2,'TV LCD','32 Polegadas')
INSERT INTO PRODUTO VALUES(3,'Blueray','Blueray HDMI')
COMMIT
SET SCHEMA PUBLIC
DISCONNECT
/*C8*/SET SCHEMA PUBLIC
INSERT INTO PRODUTO VALUES(4,'Monitor AOC','Monitor 19''')
COMMIT
SET SCHEMA PUBLIC
DISCONNECT
/*C9*/SET SCHEMA PUBLIC
INSERT INTO PRODUTO VALUES(5,'Monitor AOC','Monitor 19''')
COMMIT
SET SCHEMA PUBLIC
DISCONNECT
/*C10*/SET SCHEMA PUBLIC
INSERT INTO PRODUTO VALUES(6,'Monitor AOC','Monitor 19')
COMMIT
SET SCHEMA PUBLIC
DISCONNECT
/*C4*/DELETE FROM PRODUTO WHERE ID=4
DELETE FROM PRODUTO WHERE ID=5
DELETE FROM PRODUTO WHERE ID=6
COMMIT
/*C11*/SET SCHEMA PUBLIC
INSERT INTO PRODUTO VALUES(7,'Monitor AOC','Monitor 19')
COMMIT
SET SCHEMA PUBLIC
DISCONNECT
/*C4*/CREATE TABLE CATEGORIA (ID INTEGER GENERATED BY DEFAULT AS IDENTITY PRIMARY KEY, NOME VARCHAR(255))
ALTER TABLE PRODUTO ADD COLUMN CATEGORIA_ID INTEGER
INSERT INTO CATEGORIA VALUES(0,'Eletrodom\u00e9stico')
COMMIT
INSERT INTO CATEGORIA VALUES(1,'Eletr\u00f4nico')
COMMIT
INSERT INTO CATEGORIA VALUES(2,'M\u00f3vel')
COMMIT
DELETE FROM PRODUTO WHERE ID=1
DELETE FROM PRODUTO WHERE ID=2
INSERT INTO PRODUTO VALUES(1,'Blueray','Blueray HDMI',0)
INSERT INTO PRODUTO VALUES(2,'TV LCD','32 Polegadas',0)
COMMIT
DELETE FROM PRODUTO WHERE ID=3
INSERT INTO PRODUTO VALUES(3,'Blueray','Blueray HDMI',1)
COMMIT
DELETE FROM PRODUTO WHERE ID=7
INSERT INTO PRODUTO VALUES(7,'Monitor AOC','Monitor 19',2)
COMMIT
DELETE FROM PRODUTO WHERE ID=0
DELETE FROM PRODUTO WHERE ID=1
DELETE FROM PRODUTO WHERE ID=2
DELETE FROM PRODUTO WHERE ID=3
DELETE FROM PRODUTO WHERE ID=7
INSERT INTO PRODUTO VALUES(0,'TV LCD','32 Polegadas',1)
INSERT INTO PRODUTO VALUES(1,'Blueray','Blueray HDMI',1)
INSERT INTO PRODUTO VALUES(2,'TV LCD','32 Polegadas',1)
INSERT INTO PRODUTO VALUES(3,'Blueray','Blueray HDMI',1)
INSERT INTO PRODUTO VALUES(7,'Monitor AOC','Monitor 19',1)
COMMIT
/*C12*/SET SCHEMA PUBLIC
DISCONNECT
/*C13*/SET SCHEMA PUBLIC
DISCONNECT
/*C14*/SET SCHEMA PUBLIC
DISCONNECT
/*C15*/SET SCHEMA PUBLIC
INSERT INTO PRODUTO VALUES(8,'Monitor AOC','Monitor 19',NULL)
COMMIT
SET SCHEMA PUBLIC
DISCONNECT
/*C16*/SET SCHEMA PUBLIC
INSERT INTO PRODUTO VALUES(9,'Monitor AOC','Monitor 19',NULL)
COMMIT
SET SCHEMA PUBLIC
DISCONNECT
/*C17*/SET SCHEMA PUBLIC
DISCONNECT
/*C18*/SET SCHEMA PUBLIC
DISCONNECT
/*C19*/SET SCHEMA PUBLIC
DISCONNECT
/*C20*/SET SCHEMA PUBLIC
DISCONNECT
/*C21*/SET SCHEMA PUBLIC
DISCONNECT
/*C22*/SET SCHEMA PUBLIC
DISCONNECT
/*C23*/SET SCHEMA PUBLIC
DISCONNECT
/*C24*/SET SCHEMA PUBLIC
DISCONNECT
/*C25*/SET SCHEMA PUBLIC
DISCONNECT
/*C4*/DELETE FROM PRODUTO WHERE ID=9
INSERT INTO PRODUTO VALUES(9,'Monitor AOC','Monitor 19',0)
COMMIT
