/*C1*/SET SCHEMA SYSTEM_LOBS
INSERT INTO BLOCKS VALUES(0,2147483647,0)
COMMIT
/*C2*/SET SCHEMA PUBLIC
CREATE TABLE PRODUTO (ID INTEGER GENERATED BY DEFAULT AS IDENTITY PRIMARY KEY, NOME VARCHAR(255), DESCRICAO VARCHAR(255) )
INSERT INTO PRODUTO VALUES(1,'GELADEIRA','GELADEIRA')
COMMIT
INSERT INTO PRODUTO VALUES(2,'NOTEBOOK','NOTEBOOK')
COMMIT
/*C3*/SET SCHEMA PUBLIC
DISCONNECT
/*C4*/SET SCHEMA PUBLIC
DISCONNECT
/*C5*/SET SCHEMA PUBLIC
DISCONNECT
/*C6*/SET SCHEMA PUBLIC
DISCONNECT
/*C7*/SET SCHEMA PUBLIC
INSERT INTO PRODUTO VALUES(3,'COMPUTADOR','COMPUTADOR')
COMMIT
DISCONNECT
/*C8*/SET SCHEMA PUBLIC
INSERT INTO PRODUTO VALUES(4,'COMPUTADOR','COMPUTADOR')
COMMIT
DISCONNECT
/*C9*/SET SCHEMA PUBLIC
INSERT INTO PRODUTO VALUES(5,'COMPUTADOR','COMPUTADOR')
COMMIT
DISCONNECT
/*C10*/SET SCHEMA PUBLIC
DELETE FROM PRODUTO WHERE ID=4
DELETE FROM PRODUTO WHERE ID=5
COMMIT
DISCONNECT
/*C2*/DISCONNECT
